<?xml version="1.0" encoding="UTF-8"?>
<!-- Generated by org.testng.reporters.JUnitXMLReporter -->
<testsuite ignored="1" hostname="DESKTOP-LDM8NKK" failures="0" tests="1" name="IncorrectUserNameTests" time="13.199" errors="0" timestamp="2023-11-16T17:26:33 IST">
  <testcase classname="com.herokuapp.internetapp.LoginScreenTests" name="negativeLoginTests" time="8.902"/>
  <testcase classname="com.herokuapp.internetapp.LoginScreenTests" name="positiveLoginTest" time="0.0">
    <ignored/>
  </testcase> <!-- positiveLoginTest -->
</testsuite> <!-- IncorrectUserNameTests -->
