<?xml version="1.0" encoding="UTF-8"?>
<!-- Generated by org.testng.reporters.JUnitXMLReporter -->
<testsuite ignored="1" hostname="DESKTOP-LDM8NKK" failures="0" tests="1" name="positiveTests" time="23.809" errors="0" timestamp="2023-11-16T17:26:19 IST">
  <testcase classname="com.herokuapp.internetapp.LoginScreenTests" name="positiveLoginTest" time="16.076"/>
  <testcase classname="com.herokuapp.internetapp.LoginScreenTests" name="negativeLoginTests" time="0.0">
    <ignored/>
  </testcase> <!-- negativeLoginTests -->
</testsuite> <!-- positiveTests -->
