<?xml version="1.0" encoding="UTF-8"?>
<!-- Generated by org.testng.reporters.JUnitXMLReporter -->
<testsuite ignored="2" hostname="DESKTOP-LDM8NKK" failures="0" tests="1" name="ExceptionHandling(failed)" time="6.507" errors="0" timestamp="2023-10-29T22:46:43 IST">
  <testcase classname="com.herokuapp.internetapp.ExceptionHandlingTest" name="invalidElementStateException" time="2.989"/>
  <testcase classname="com.herokuapp.internetapp.ExceptionHandlingTest" name="noSuchElementException" time="0.0">
    <ignored/>
  </testcase> <!-- noSuchElementException -->
  <testcase classname="com.herokuapp.internetapp.ExceptionHandlingTest" name="elementNotInteractableExceptionTests" time="0.0">
    <ignored/>
  </testcase> <!-- elementNotInteractableExceptionTests -->
</testsuite> <!-- ExceptionHandling(failed) -->
