<?xml version="1.0" encoding="UTF-8"?>
<!-- Generated by org.testng.reporters.JUnitXMLReporter -->
<testsuite ignored="0" hostname="DESKTOP-LDM8NKK" failures="1" tests="3" name="Test" time="0.057" errors="0" timestamp="2023-11-02T00:32:37 IST">
  <testcase classname="com.listerners.udemy.ListenersExample" name="test1" time="0.011"/>
  <testcase classname="com.listerners.udemy.ListenersExample" name="test2" time="0.002">
    <failure type="java.lang.AssertionError" message="expected [B] but found [A]">
      <![CDATA[java.lang.AssertionError: expected [B] but found [A]
at com.listerners.udemy.ListenersExample.test2(ListenersExample.java:19)
at java.base/java.util.ArrayList.forEach(ArrayList.java:1541)
... Removed 33 stack frames]]>
    </failure>
  </testcase> <!-- test2 -->
  <testcase classname="com.listerners.udemy.ListenersExample" name="test3" time="0.001">
    <skipped/>
  </testcase> <!-- test3 -->
</testsuite> <!-- Test -->
