<?xml version="1.0" encoding="UTF-8"?>
<!-- Generated by org.testng.reporters.JUnitXMLReporter -->
<testsuite ignored="2" hostname="DESKTOP-LDM8NKK" failures="0" tests="1" name="LoginTests" time="11.948" errors="0" timestamp="2023-10-27T12:51:05 IST">
  <testcase classname="com.herokuapp.internetapp.NegativeTests" name="incorrectUserName" time="11.913"/>
  <testcase classname="com.herokuapp.internetapp.NegativeTests" name="incorrectPassword" time="0.0">
    <ignored/>
  </testcase> <!-- incorrectPassword -->
  <testcase classname="com.herokuapp.internetapp.PositiveTests" name="loginTest" time="0.0">
    <ignored/>
  </testcase> <!-- loginTest -->
</testsuite> <!-- LoginTests -->
