<?xml version="1.0" encoding="UTF-8"?>
<testng-results ignored="0" total="1" passed="1" failed="0" skipped="0">
  <reporter-output>
  </reporter-output>
  <suite started-at="2023-11-16T19:35:20 IST" name="ExceptionHandlingTest" finished-at="2023-11-16T19:35:30 IST" duration-ms="9793">
    <groups>
    </groups>
    <test started-at="2023-11-16T19:35:20 IST" name="ExceptionHandling" finished-at="2023-11-16T19:35:30 IST" duration-ms="9793">
      <class name="com.herokuapp.internetapp.ExceptionHandlingTest">
        <test-method is-config="true" signature="setUp(java.lang.String)[pri:0, instance:com.herokuapp.internetapp.ExceptionHandlingTest@72e5a8e]" started-at="2023-11-16T19:35:20 IST" name="setUp" finished-at="2023-11-16T19:35:26 IST" duration-ms="5572" status="PASS">
          <params>
            <param index="0">
              <value>
                <![CDATA[chrome]]>
              </value>
            </param>
          </params>
          <reporter-output>
          </reporter-output>
        </test-method> <!-- setUp -->
        <test-method signature="invalidElementStateException()[pri:0, instance:com.herokuapp.internetapp.ExceptionHandlingTest@72e5a8e]" started-at="2023-11-16T19:35:26 IST" name="invalidElementStateException" finished-at="2023-11-16T19:35:30 IST" duration-ms="3948" status="PASS">
          <reporter-output>
          </reporter-output>
        </test-method> <!-- invalidElementStateException -->
        <test-method is-config="true" signature="tearDown()[pri:0, instance:com.herokuapp.internetapp.ExceptionHandlingTest@72e5a8e]" started-at="2023-11-16T19:35:30 IST" name="tearDown" finished-at="2023-11-16T19:35:30 IST" duration-ms="195" status="PASS">
          <reporter-output>
          </reporter-output>
        </test-method> <!-- tearDown -->
      </class> <!-- com.herokuapp.internetapp.ExceptionHandlingTest -->
    </test> <!-- ExceptionHandling -->
  </suite> <!-- ExceptionHandlingTest -->
</testng-results>
