<?xml version="1.0" encoding="UTF-8"?>
<testng-results ignored="2" total="3" passed="1" failed="0" skipped="0">
  <reporter-output>
  </reporter-output>
  <suite started-at="2023-11-16T19:36:27 IST" name="ExceptionHandlingTest" finished-at="2023-11-16T19:36:37 IST" duration-ms="9575">
    <groups>
    </groups>
    <test started-at="2023-11-16T19:36:27 IST" name="ExceptionHandling" finished-at="2023-11-16T19:36:37 IST" duration-ms="9575">
      <class name="com.herokuapp.internetapp.ExceptionHandlingTest">
        <test-method is-config="true" signature="setUp(java.lang.String)[pri:0, instance:com.herokuapp.internetapp.ExceptionHandlingTest@53fdffa1]" started-at="2023-11-16T19:36:27 IST" name="setUp" finished-at="2023-11-16T19:36:32 IST" duration-ms="4613" status="PASS">
          <params>
            <param index="0">
              <value>
                <![CDATA[chrome]]>
              </value>
            </param>
          </params>
          <reporter-output>
          </reporter-output>
        </test-method> <!-- setUp -->
        <test-method signature="invalidElementStateException()[pri:0, instance:com.herokuapp.internetapp.ExceptionHandlingTest@53fdffa1]" started-at="2023-11-16T19:36:32 IST" name="invalidElementStateException" finished-at="2023-11-16T19:36:37 IST" duration-ms="4732" status="PASS">
          <reporter-output>
          </reporter-output>
        </test-method> <!-- invalidElementStateException -->
        <test-method is-config="true" signature="tearDown()[pri:0, instance:com.herokuapp.internetapp.ExceptionHandlingTest@53fdffa1]" started-at="2023-11-16T19:36:37 IST" name="tearDown" finished-at="2023-11-16T19:36:37 IST" duration-ms="170" status="PASS">
          <reporter-output>
          </reporter-output>
        </test-method> <!-- tearDown -->
      </class> <!-- com.herokuapp.internetapp.ExceptionHandlingTest -->
    </test> <!-- ExceptionHandling -->
  </suite> <!-- ExceptionHandlingTest -->
</testng-results>
