<?xml version="1.0" encoding="UTF-8"?>
<!-- Generated by org.testng.reporters.JUnitXMLReporter -->
<testsuite ignored="2" hostname="DESKTOP-LDM8NKK" failures="0" tests="1" name="ExceptionHandling" time="9.793" errors="0" timestamp="2023-11-16T19:35:30 IST">
  <testcase classname="com.herokuapp.internetapp.ExceptionHandlingTest" name="invalidElementStateException" time="3.948"/>
  <testcase classname="com.herokuapp.internetapp.ExceptionHandlingTest" name="noSuchElementException" time="0.0">
    <ignored/>
  </testcase> <!-- noSuchElementException -->
  <testcase classname="com.herokuapp.internetapp.ExceptionHandlingTest" name="elementNotInteractableExceptionTests" time="0.0">
    <ignored/>
  </testcase> <!-- elementNotInteractableExceptionTests -->
</testsuite> <!-- ExceptionHandling -->
